{"uuid":"4c913ad0-b985-48ab-8ad5-c33a0dbe420f","name":"ProductInfoPage Test","children":["24d5a70c-f2f9-4cdf-a7b0-b570e8d3c604","5161fc56-e606-4b47-b883-4d851dd86d63","34f41283-ec35-423a-95e5-7435ed742058","0c6ebc26-8543-4f0f-bcf6-38b15f151823","296cf93f-a9b7-462e-acd6-c68e4cebc208","ca67cea5-bde9-41d3-b1d8-d902904d0f62","dcc7d8b9-130e-445a-8679-3300ea39b15f","2903a24f-5ab4-408b-9f9d-4db95e587bad","deb0481b-f674-45b0-bb84-058146a2db86","fcaaeaa1-7c89-48c6-97c9-b3474525c6ee"],"befores":[{"name":"setup","status":"broken","statusDetails":{"known":false,"muted":false,"flaky":false,"message":"Could not start a new session. Response code 500. Message: session not created: This version of Microsoft Edge WebDriver only supports Microsoft Edge version 130\nCurrent browser version is 132.0.2957.140 with binary path C:\\Program Files (x86)\\Microsoft\\Edge\\Application\\msedge.exe \nHost info: host: 'PIYUSHGAMINGPC', ip: '192.168.1.10'\nBuild info: version: '4.23.0', revision: '4df0a231af'\nSystem info: os.name: 'Windows 11', os.arch: 'amd64', os.version: '10.0', java.version: '22.0.2'\nDriver info: org.openqa.selenium.edge.EdgeDriver\nCommand: [null, newSession {capabilities=[Capabilities {browserName: MicrosoftEdge, ms:edgeOptions: {args: [], binary: C:\\Program Files (x86)\\Micr..., extensions: []}}]}]","trace":"org.openqa.selenium.SessionNotCreatedException: Could not start a new session. Response code 500. Message: session not created: This version of Microsoft Edge WebDriver only supports Microsoft Edge version 130\nCurrent browser version is 132.0.2957.140 with binary path C:\\Program Files (x86)\\Microsoft\\Edge\\Application\\msedge.exe \nHost info: host: 'PIYUSHGAMINGPC', ip: '192.168.1.10'\nBuild info: version: '4.23.0', revision: '4df0a231af'\nSystem info: os.name: 'Windows 11', os.arch: 'amd64', os.version: '10.0', java.version: '22.0.2'\nDriver info: org.openqa.selenium.edge.EdgeDriver\nCommand: [null, newSession {capabilities=[Capabilities {browserName: MicrosoftEdge, ms:edgeOptions: {args: [], binary: C:\\Program Files (x86)\\Micr..., extensions: []}}]}]\r\n\tat org.openqa.selenium.remote.ProtocolHandshake.createSession(ProtocolHandshake.java:114)\r\n\tat org.openqa.selenium.remote.ProtocolHandshake.createSession(ProtocolHandshake.java:75)\r\n\tat org.openqa.selenium.remote.ProtocolHandshake.createSession(ProtocolHandshake.java:61)\r\n\tat org.openqa.selenium.remote.HttpCommandExecutor.execute(HttpCommandExecutor.java:162)\r\n\tat org.openqa.selenium.remote.service.DriverCommandExecutor.invokeExecute(DriverCommandExecutor.java:216)\r\n\tat org.openqa.selenium.remote.service.DriverCommandExecutor.execute(DriverCommandExecutor.java:174)\r\n\tat org.openqa.selenium.remote.RemoteWebDriver.execute(RemoteWebDriver.java:527)\r\n\tat org.openqa.selenium.remote.RemoteWebDriver.startSession(RemoteWebDriver.java:234)\r\n\tat org.openqa.selenium.remote.RemoteWebDriver.<init>(RemoteWebDriver.java:163)\r\n\tat org.openqa.selenium.chromium.ChromiumDriver.<init>(ChromiumDriver.java:114)\r\n\tat org.openqa.selenium.edge.EdgeDriver.<init>(EdgeDriver.java:60)\r\n\tat org.openqa.selenium.edge.EdgeDriver.<init>(EdgeDriver.java:56)\r\n\tat org.openqa.selenium.edge.EdgeDriver.<init>(EdgeDriver.java:48)\r\n\tat org.openqa.selenium.edge.EdgeDriver.<init>(EdgeDriver.java:44)\r\n\tat com.qa.opencart.factory.DriverManager.intiDriver(DriverManager.java:49)\r\n\tat com.qa.opencart.base.BaseTests.setup(BaseTests.java:35)\r\n\tat java.base/jdk.internal.reflect.DirectMethodHandleAccessor.invoke(DirectMethodHandleAccessor.java:103)\r\n\tat java.base/java.lang.reflect.Method.invoke(Method.java:580)\r\n\tat org.testng.internal.invokers.MethodInvocationHelper.invokeMethod(MethodInvocationHelper.java:141)\r\n\tat org.testng.internal.invokers.MethodInvocationHelper.invokeMethodConsideringTimeout(MethodInvocationHelper.java:71)\r\n\tat org.testng.internal.invokers.ConfigInvoker.invokeConfigurationMethod(ConfigInvoker.java:400)\r\n\tat org.testng.internal.invokers.ConfigInvoker.invokeConfigurations(ConfigInvoker.java:333)\r\n\tat org.testng.TestRunner.invokeTestConfigurations(TestRunner.java:655)\r\n\tat org.testng.TestRunner.beforeRun(TestRunner.java:644)\r\n\tat org.testng.TestRunner.run(TestRunner.java:610)\r\n\tat org.testng.SuiteRunner.runTest(SuiteRunner.java:421)\r\n\tat org.testng.SuiteRunner$SuiteWorker.run(SuiteRunner.java:463)\r\n\tat org.testng.internal.thread.ThreadUtil.lambda$execute$0(ThreadUtil.java:64)\r\n\tat java.base/java.util.concurrent.FutureTask.run$$$capture(FutureTask.java:317)\r\n\tat java.base/java.util.concurrent.FutureTask.run(FutureTask.java)\r\n\tat --- Async.Stack.Trace --- (captured by IntelliJ IDEA debugger)\r\n\tat java.base/java.util.concurrent.FutureTask.<init>(FutureTask.java:132)\r\n\tat java.base/java.util.concurrent.AbstractExecutorService.newTaskFor(AbstractExecutorService.java:113)\r\n\tat java.base/java.util.concurrent.AbstractExecutorService.invokeAll(AbstractExecutorService.java:274)\r\n\tat org.testng.internal.thread.ThreadUtil.execute(ThreadUtil.java:70)\r\n\tat org.testng.SuiteRunner.runInParallelTestMode(SuiteRunner.java:442)\r\n\tat org.testng.SuiteRunner.privateRun(SuiteRunner.java:371)\r\n\tat org.testng.SuiteRunner.run(SuiteRunner.java:312)\r\n\tat org.testng.SuiteRunnerWorker.runSuite(SuiteRunnerWorker.java:52)\r\n\tat org.testng.SuiteRunnerWorker.run(SuiteRunnerWorker.java:95)\r\n\tat org.testng.TestNG.runSuitesSequentially(TestNG.java:1274)\r\n\tat org.testng.TestNG.runSuitesLocally(TestNG.java:1208)\r\n\tat org.testng.TestNG.runSuites(TestNG.java:1112)\r\n\tat org.testng.TestNG.run(TestNG.java:1079)\r\n\tat com.intellij.rt.testng.IDEARemoteTestNG.run(IDEARemoteTestNG.java:65)\r\n\tat com.intellij.rt.testng.RemoteTestNGStarter.main(RemoteTestNGStarter.java:105)\r\n"},"stage":"finished","description":"","steps":[{"name":"Steup for the test, initialize the browser: edge","status":"broken","statusDetails":{"known":false,"muted":false,"flaky":false,"message":"Could not start a new session. Response code 500. Message: session not created: This version of Microsoft Edge WebDriver only supports Microsoft Edge version 130\nCurrent browser version is 132.0.2957.140 with binary path C:\\Program Files (x86)\\Microsoft\\Edge\\Application\\msedge.exe \nHost info: host: 'PIYUSHGAMINGPC', ip: '192.168.1.10'\nBuild info: version: '4.23.0', revision: '4df0a231af'\nSystem info: os.name: 'Windows 11', os.arch: 'amd64', os.version: '10.0', java.version: '22.0.2'\nDriver info: org.openqa.selenium.edge.EdgeDriver\nCommand: [null, newSession {capabilities=[Capabilities {browserName: MicrosoftEdge, ms:edgeOptions: {args: [], binary: C:\\Program Files (x86)\\Micr..., extensions: []}}]}]","trace":"org.openqa.selenium.SessionNotCreatedException: Could not start a new session. Response code 500. Message: session not created: This version of Microsoft Edge WebDriver only supports Microsoft Edge version 130\nCurrent browser version is 132.0.2957.140 with binary path C:\\Program Files (x86)\\Microsoft\\Edge\\Application\\msedge.exe \nHost info: host: 'PIYUSHGAMINGPC', ip: '192.168.1.10'\nBuild info: version: '4.23.0', revision: '4df0a231af'\nSystem info: os.name: 'Windows 11', os.arch: 'amd64', os.version: '10.0', java.version: '22.0.2'\nDriver info: org.openqa.selenium.edge.EdgeDriver\nCommand: [null, newSession {capabilities=[Capabilities {browserName: MicrosoftEdge, ms:edgeOptions: {args: [], binary: C:\\Program Files (x86)\\Micr..., extensions: []}}]}]\r\n\tat org.openqa.selenium.remote.ProtocolHandshake.createSession(ProtocolHandshake.java:114)\r\n\tat org.openqa.selenium.remote.ProtocolHandshake.createSession(ProtocolHandshake.java:75)\r\n\tat org.openqa.selenium.remote.ProtocolHandshake.createSession(ProtocolHandshake.java:61)\r\n\tat org.openqa.selenium.remote.HttpCommandExecutor.execute(HttpCommandExecutor.java:162)\r\n\tat org.openqa.selenium.remote.service.DriverCommandExecutor.invokeExecute(DriverCommandExecutor.java:216)\r\n\tat org.openqa.selenium.remote.service.DriverCommandExecutor.execute(DriverCommandExecutor.java:174)\r\n\tat org.openqa.selenium.remote.RemoteWebDriver.execute(RemoteWebDriver.java:527)\r\n\tat org.openqa.selenium.remote.RemoteWebDriver.startSession(RemoteWebDriver.java:234)\r\n\tat org.openqa.selenium.remote.RemoteWebDriver.<init>(RemoteWebDriver.java:163)\r\n\tat org.openqa.selenium.chromium.ChromiumDriver.<init>(ChromiumDriver.java:114)\r\n\tat org.openqa.selenium.edge.EdgeDriver.<init>(EdgeDriver.java:60)\r\n\tat org.openqa.selenium.edge.EdgeDriver.<init>(EdgeDriver.java:56)\r\n\tat org.openqa.selenium.edge.EdgeDriver.<init>(EdgeDriver.java:48)\r\n\tat org.openqa.selenium.edge.EdgeDriver.<init>(EdgeDriver.java:44)\r\n\tat com.qa.opencart.factory.DriverManager.intiDriver(DriverManager.java:49)\r\n\tat com.qa.opencart.base.BaseTests.setup(BaseTests.java:35)\r\n\tat java.base/jdk.internal.reflect.DirectMethodHandleAccessor.invoke(DirectMethodHandleAccessor.java:103)\r\n\tat java.base/java.lang.reflect.Method.invoke(Method.java:580)\r\n\tat org.testng.internal.invokers.MethodInvocationHelper.invokeMethod(MethodInvocationHelper.java:141)\r\n\tat org.testng.internal.invokers.MethodInvocationHelper.invokeMethodConsideringTimeout(MethodInvocationHelper.java:71)\r\n\tat org.testng.internal.invokers.ConfigInvoker.invokeConfigurationMethod(ConfigInvoker.java:400)\r\n\tat org.testng.internal.invokers.ConfigInvoker.invokeConfigurations(ConfigInvoker.java:333)\r\n\tat org.testng.TestRunner.invokeTestConfigurations(TestRunner.java:655)\r\n\tat org.testng.TestRunner.beforeRun(TestRunner.java:644)\r\n\tat org.testng.TestRunner.run(TestRunner.java:610)\r\n\tat org.testng.SuiteRunner.runTest(SuiteRunner.java:421)\r\n\tat org.testng.SuiteRunner$SuiteWorker.run(SuiteRunner.java:463)\r\n\tat org.testng.internal.thread.ThreadUtil.lambda$execute$0(ThreadUtil.java:64)\r\n\tat java.base/java.util.concurrent.FutureTask.run$$$capture(FutureTask.java:317)\r\n\tat java.base/java.util.concurrent.FutureTask.run(FutureTask.java)\r\n\tat --- Async.Stack.Trace --- (captured by IntelliJ IDEA debugger)\r\n\tat java.base/java.util.concurrent.FutureTask.<init>(FutureTask.java:132)\r\n\tat java.base/java.util.concurrent.AbstractExecutorService.newTaskFor(AbstractExecutorService.java:113)\r\n\tat java.base/java.util.concurrent.AbstractExecutorService.invokeAll(AbstractExecutorService.java:274)\r\n\tat org.testng.internal.thread.ThreadUtil.execute(ThreadUtil.java:70)\r\n\tat org.testng.SuiteRunner.runInParallelTestMode(SuiteRunner.java:442)\r\n\tat org.testng.SuiteRunner.privateRun(SuiteRunner.java:371)\r\n\tat org.testng.SuiteRunner.run(SuiteRunner.java:312)\r\n\tat org.testng.SuiteRunnerWorker.runSuite(SuiteRunnerWorker.java:52)\r\n\tat org.testng.SuiteRunnerWorker.run(SuiteRunnerWorker.java:95)\r\n\tat org.testng.TestNG.runSuitesSequentially(TestNG.java:1274)\r\n\tat org.testng.TestNG.runSuitesLocally(TestNG.java:1208)\r\n\tat org.testng.TestNG.runSuites(TestNG.java:1112)\r\n\tat org.testng.TestNG.run(TestNG.java:1079)\r\n\tat com.intellij.rt.testng.IDEARemoteTestNG.run(IDEARemoteTestNG.java:65)\r\n\tat com.intellij.rt.testng.RemoteTestNGStarter.main(RemoteTestNGStarter.java:105)\r\n"},"stage":"finished","steps":[],"attachments":[],"parameters":[{"name":"browserName","value":"edge"}],"start":1738911794796,"stop":1738911815840}],"attachments":[],"parameters":[],"start":1738911794771,"stop":1738911815847}],"afters":[{"name":"tearDown","status":"broken","stage":"finished","description":"","steps":[],"attachments":[],"parameters":[],"start":1738911816101,"stop":1738911816101}],"start":1738911794742,"stop":1738911816890}